<?xml version="1.0" encoding="UTF-8"?>
<!-- Generated by org.testng.reporters.JUnitXMLReporter -->
<testsuite hostname="DESKTOP-IVH825I" ignored="0" name="Test" tests="3" failures="2" timestamp="2023-03-07T22:01:58 PST" time="93.13" errors="0">
  <testcase name="createCustomer" time="0.015" classname="com.actitime.testScript1.com.CustomerModule">
    <failure type="java.lang.ArithmeticException" message="/ by zero">
      <![CDATA[java.lang.ArithmeticException: / by zero
at com.actitime.testScript1.com.CustomerModule.createCustomer(CustomerModule.java:25)
at java.util.ArrayList.forEach(Unknown Source)
... Removed 27 stack frames]]>
    </failure>
  </testcase> <!-- createCustomer -->
  <testcase name="deleteCustomer" time="0.009" classname="com.actitime.testScript1.com.CustomerModule"/>
  <testcase name="modifyCustomer" time="3.023" classname="com.actitime.testScript1.com.CustomerModule">
    <failure type="java.lang.AssertionError" message="null">
      <![CDATA[java.lang.AssertionError: null
at com.actitime.testScript1.com.CustomerModule.modifyCustomer(CustomerModule.java:33)
at java.util.ArrayList.forEach(Unknown Source)
... Removed 29 stack frames]]>
    </failure>
  </testcase> <!-- modifyCustomer -->
</testsuite> <!-- Test -->
