<?xml version="1.0" encoding="UTF-8"?>
<!-- Generated by org.testng.reporters.JUnitXMLReporter -->
<testsuite hostname="DESKTOP-IVH825I" ignored="2" name="Test(failed)" tests="1" failures="0" timestamp="2023-02-27T06:24:03 PST" time="0.106" errors="0">
  <testcase name="createCustomer" time="0.017" classname="com.actitime.testscript.CustomerModule"/>
  <testcase name="modifyCustomer" time="0.0" classname="com.actitime.testscript.CustomerModule">
    <ignored/>
  </testcase> <!-- modifyCustomer -->
  <testcase name="deleteCustomer" time="0.0" classname="com.actitime.testscript.CustomerModule">
    <ignored/>
  </testcase> <!-- deleteCustomer -->
</testsuite> <!-- Test(failed) -->
